\BOOKMARK [0][-]{chapter.1}{Preliminaries}{}% 1
\BOOKMARK [1][-]{section.1.1}{Naive Set Theory}{chapter.1}% 2
\BOOKMARK [0][-]{chapter.2}{General Topology}{}% 3
\BOOKMARK [1][-]{section.2.1}{Topological space}{chapter.2}% 4
\BOOKMARK [1][-]{section.2.2}{Basic Construction}{chapter.2}% 5
\BOOKMARK [2][-]{subsection.2.2.1}{Subspace Topology}{section.2.2}% 6
\BOOKMARK [2][-]{subsection.2.2.2}{Quotient Topology}{section.2.2}% 7
\BOOKMARK [2][-]{subsection.2.2.3}{Product Topology}{section.2.2}% 8
\BOOKMARK [0][-]{chapter.3}{Basic Notions}{}% 9
\BOOKMARK [1][-]{section.3.1}{CW Complex}{chapter.3}% 10
\BOOKMARK [0][-]{chapter.4}{Concrete Examples}{}% 11
\BOOKMARK [1][-]{section.4.1}{One-dimensional manifolds}{chapter.4}% 12
\BOOKMARK [2][-]{subsection.4.1.1}{Real affine line R1}{section.4.1}% 13
\BOOKMARK [2][-]{subsection.4.1.2}{Circle S1}{section.4.1}% 14
\BOOKMARK [2][-]{subsection.4.1.3}{Real projective line P1\(R\)}{section.4.1}% 15
\BOOKMARK [1][-]{section.4.2}{Two-dimensional manifolds}{chapter.4}% 16
\BOOKMARK [2][-]{subsection.4.2.1}{Real affine plane R2}{section.4.2}% 17
\BOOKMARK [2][-]{subsection.4.2.2}{Sphere S2}{section.4.2}% 18
\BOOKMARK [2][-]{subsection.4.2.3}{Real projective plane P2\(R\)}{section.4.2}% 19
\BOOKMARK [2][-]{subsection.4.2.4}{Complex projective line P1\(C\)}{section.4.2}% 20
\BOOKMARK [2][-]{subsection.4.2.5}{Torus T2}{section.4.2}% 21
\BOOKMARK [2][-]{subsection.4.2.6}{M\366bius strip}{section.4.2}% 22
\BOOKMARK [2][-]{subsection.4.2.7}{Klein bottle}{section.4.2}% 23
\BOOKMARK [1][-]{section.4.3}{Other manifolds}{chapter.4}% 24
\BOOKMARK [2][-]{subsection.4.3.1}{Real projective space Pn\(R\)}{section.4.3}% 25
